<?xml version="1.0" encoding="UTF-8"?>
<testsuite xmlns:xsi="http://www.w3.org/2001/XMLSchema-instance" xsi:schemaLocation="https://maven.apache.org/surefire/maven-surefire-plugin/xsd/surefire-test-report.xsd" name="com.exist.test.TestFunction" time="0.49" tests="3" errors="0" skipped="0" failures="0">
  <properties>
[...]
</properties>
  <testcase name="testReset" classname="com.exist.test.TestFunction" time="0.109"/>
  <testcase name="testEdit" classname="com.exist.test.TestFunction" time="0.024"/>
  <testcase name="testSort" classname="com.exist.test.TestFunction" time="0.008"/>
</testsuite>